running run_vi_exp.py --dataset 1billion --model ablation --word-dim 300 --nhid 64 --z-dim 150 --x-dim 20004 --no-scheduler --train-method exact_marginal --hidden 150
sha: 7457c31979bb660fa67eb8f3293e64b8b5cfa2b8
('args:', Namespace(base_filename=None, batch_size=1, clip=3.0, cuda=True, dataset='1billion', embedding=None, epochs=1000, filter=False, hidden=150, kl_anneal_delay=4, kl_anneal_rate=0.0001, kl_anneal_start=0.0001, load_hmm=None, load_inference=None, load_model=None, load_z_gru=None, log_interval=500, lr=0.01, lstm_sz=200, model='ablation', nhid=64, no_cuda=False, no_scheduler=True, num_importance_samples=5, print_best=False, prof=None, quiet=False, save=None, save_params=None, seed=1111, slurm_id=None, temp=0.3, temp_prior=0.35, train_method='exact_marginal', word_dim=300, x_dim=20004, z_dim=150))
('model total parameters:', 9252348)
('model parameter breakdown:', (3045750, 6206598))
model architecture:
HMM_Gradients(
  (inp_embedding): Embedding(20004, 300)
  (encoder): LSTM(300, 64, bidirectional=True)
  (enc): ModuleList(
    (0): Embedding(20004, 300)
    (1): LSTM(300, 64, bidirectional=True)
  )
  (z_decoder): None
  (logits): Sequential(
    (0): Linear(in_features=128, out_features=64, bias=True)
    (1): ReLU()
    (2): Linear(in_features=64, out_features=150, bias=True)
  )
)
ignoring scheduler, lr is fixed
anneal: 0.000
--------------------------------------------------------------------------------
| end of epoch   1 | time: 277.57s | valid ELBO -5.36 | valid NLL  0.00 | PPL:  0.00 | true PPL: 212.75
--------------------------------------------------------------------------------
anneal: 0.000
--------------------------------------------------------------------------------
| end of epoch   2 | time: 277.42s | valid ELBO -5.30 | valid NLL  0.00 | PPL:  0.00 | true PPL: 200.94
--------------------------------------------------------------------------------
anneal: 0.000
--------------------------------------------------------------------------------
| end of epoch   3 | time: 277.40s | valid ELBO -5.29 | valid NLL  0.00 | PPL:  0.01 | true PPL: 197.92
--------------------------------------------------------------------------------
anneal: 0.000
--------------------------------------------------------------------------------
| end of epoch   4 | time: 277.44s | valid ELBO -5.28 | valid NLL  0.00 | PPL:  0.01 | true PPL: 196.58
--------------------------------------------------------------------------------
anneal: 0.000
--------------------------------------------------------------------------------
| end of epoch   5 | time: 277.43s | valid ELBO -5.27 | valid NLL  0.00 | PPL:  0.01 | true PPL: 194.54
--------------------------------------------------------------------------------
anneal: 0.000
--------------------------------------------------------------------------------
| end of epoch   6 | time: 277.48s | valid ELBO -5.27 | valid NLL  0.00 | PPL:  0.01 | true PPL: 193.75
--------------------------------------------------------------------------------
anneal: 0.000
--------------------------------------------------------------------------------
| end of epoch   7 | time: 277.44s | valid ELBO -5.26 | valid NLL  0.00 | PPL:  0.01 | true PPL: 192.86
--------------------------------------------------------------------------------
anneal: 0.000
--------------------------------------------------------------------------------
| end of epoch   8 | time: 277.42s | valid ELBO -5.26 | valid NLL  0.00 | PPL:  0.01 | true PPL: 192.12
--------------------------------------------------------------------------------
anneal: 0.000
--------------------------------------------------------------------------------
| end of epoch   9 | time: 277.39s | valid ELBO -5.25 | valid NLL  0.00 | PPL:  0.01 | true PPL: 190.71
--------------------------------------------------------------------------------
anneal: 0.000
--------------------------------------------------------------------------------
| end of epoch  10 | time: 277.38s | valid ELBO -5.25 | valid NLL  0.00 | PPL:  0.01 | true PPL: 190.58
--------------------------------------------------------------------------------
anneal: 0.000
--------------------------------------------------------------------------------
| end of epoch  11 | time: 277.41s | valid ELBO -5.24 | valid NLL  0.00 | PPL:  0.01 | true PPL: 189.50
--------------------------------------------------------------------------------
-----------------------------------------------------------------------------------------
Exiting from training early
