running run_vi_exp.py --dataset data/misspecified/larger_hmm_data.pt --model ablation --train-method exact_marginal --x-dim 50 --z-dim 50 --word-dim 50 --no-scheduler --epochs 50 --num-importance-samples 10 --filter
sha: af5404ef6e6fbc428d48a9dc4c9a0ea91b813775
('args:', Namespace(base_filename=None, batch_size=80, clip=3.0, cuda=True, dataset='data/misspecified/larger_hmm_data.pt', embedding=None, epochs=50, filter=True, finetune_inference=False, hidden=10, kl_anneal_delay=4, kl_anneal_rate=0.0001, kl_anneal_start=0.0001, load_hmm=None, load_inference=None, load_model=None, load_z_gru=None, log_interval=500, lr=0.01, lstm_sz=200, model='ablation', nhid=32, no_cuda=False, no_scheduler=True, num_importance_samples=10, print_best=False, prof=None, quiet=False, save=None, save_params=None, seed=1111, slurm_id=None, temp=0.3, temp_prior=0.35, train_method='exact_marginal', word_dim=50, x_dim=50, z_dim=50))
('model total parameters:', 31284)
model architecture:
HMM_Gradients(
  (inp_embedding): Embedding(50, 50)
  (encoder): LSTM(50, 32, bidirectional=True)
  (enc): ModuleList(
    (0): Embedding(50, 50)
    (1): LSTM(50, 32, bidirectional=True)
  )
  (z_decoder): None
  (logits): Sequential(
    (0): Linear(in_features=64, out_features=32, bias=True)
    (1): ReLU()
    (2): Linear(in_features=32, out_features=50, bias=True)
  )
)
ignoring scheduler, lr is fixed
(-14670.087829589844, 0, -14670.087829589844)
-----------------------------------------------------------------------------------------
ELBO: -14670.09, val_nll:  0.00, ELBO ppl:  0.00, true ppl:   inf
-----------------------------------------------------------------------------------------
anneal: 0.000
--------------------------------------------------------------------------------
| end of epoch   1 | time:  0.20s | valid ELBO -14666.91 | valid NLL  0.00 | PPL: -14666.91 | true PPL: 14666.91
--------------------------------------------------------------------------------
anneal: 0.000
--------------------------------------------------------------------------------
| end of epoch   2 | time:  0.19s | valid ELBO -14667.36 | valid NLL  0.00 | PPL: -14667.36 | true PPL: 14667.36
--------------------------------------------------------------------------------
anneal: 0.000
--------------------------------------------------------------------------------
| end of epoch   3 | time:  0.18s | valid ELBO -14664.30 | valid NLL  0.00 | PPL: -14664.30 | true PPL: 14664.30
--------------------------------------------------------------------------------
anneal: 0.000
--------------------------------------------------------------------------------
| end of epoch   4 | time:  0.15s | valid ELBO -14662.86 | valid NLL  0.00 | PPL: -14662.86 | true PPL: 14662.86
--------------------------------------------------------------------------------
anneal: 0.000
--------------------------------------------------------------------------------
| end of epoch   5 | time:  0.15s | valid ELBO -14663.16 | valid NLL  0.00 | PPL: -14663.16 | true PPL: 14663.16
--------------------------------------------------------------------------------
anneal: 0.000
--------------------------------------------------------------------------------
| end of epoch   6 | time:  0.15s | valid ELBO -14664.27 | valid NLL  0.00 | PPL: -14664.27 | true PPL: 14664.27
--------------------------------------------------------------------------------
anneal: 0.000
--------------------------------------------------------------------------------
| end of epoch   7 | time:  0.14s | valid ELBO -14666.83 | valid NLL  0.00 | PPL: -14666.83 | true PPL: 14666.83
--------------------------------------------------------------------------------
anneal: 0.000
--------------------------------------------------------------------------------
| end of epoch   8 | time:  0.14s | valid ELBO -14667.90 | valid NLL  0.00 | PPL: -14667.90 | true PPL: 14667.90
--------------------------------------------------------------------------------
anneal: 0.000
--------------------------------------------------------------------------------
| end of epoch   9 | time:  0.14s | valid ELBO -14666.31 | valid NLL  0.00 | PPL: -14666.31 | true PPL: 14666.31
--------------------------------------------------------------------------------
anneal: 0.000
--------------------------------------------------------------------------------
| end of epoch  10 | time:  0.14s | valid ELBO -14664.18 | valid NLL  0.00 | PPL: -14664.18 | true PPL: 14664.18
--------------------------------------------------------------------------------
anneal: 0.000
--------------------------------------------------------------------------------
| end of epoch  11 | time:  0.14s | valid ELBO -14665.73 | valid NLL  0.00 | PPL: -14665.73 | true PPL: 14665.73
--------------------------------------------------------------------------------
anneal: 0.000
--------------------------------------------------------------------------------
| end of epoch  12 | time:  0.14s | valid ELBO -14664.91 | valid NLL  0.00 | PPL: -14664.91 | true PPL: 14664.91
--------------------------------------------------------------------------------
anneal: 0.000
--------------------------------------------------------------------------------
| end of epoch  13 | time:  0.14s | valid ELBO -14665.86 | valid NLL  0.00 | PPL: -14665.86 | true PPL: 14665.86
--------------------------------------------------------------------------------
anneal: 0.000
--------------------------------------------------------------------------------
| end of epoch  14 | time:  0.14s | valid ELBO -14665.99 | valid NLL  0.00 | PPL: -14665.99 | true PPL: 14665.99
--------------------------------------------------------------------------------
anneal: 0.000
--------------------------------------------------------------------------------
| end of epoch  15 | time:  0.14s | valid ELBO -14665.24 | valid NLL  0.00 | PPL: -14665.24 | true PPL: 14665.24
--------------------------------------------------------------------------------
anneal: 0.000
--------------------------------------------------------------------------------
| end of epoch  16 | time:  0.14s | valid ELBO -14664.03 | valid NLL  0.00 | PPL: -14664.03 | true PPL: 14664.03
--------------------------------------------------------------------------------
anneal: 0.000
--------------------------------------------------------------------------------
| end of epoch  17 | time:  0.14s | valid ELBO -14666.09 | valid NLL  0.00 | PPL: -14666.09 | true PPL: 14666.09
--------------------------------------------------------------------------------
anneal: 0.000
--------------------------------------------------------------------------------
| end of epoch  18 | time:  0.14s | valid ELBO -14665.68 | valid NLL  0.00 | PPL: -14665.68 | true PPL: 14665.68
--------------------------------------------------------------------------------
anneal: 0.000
--------------------------------------------------------------------------------
| end of epoch  19 | time:  0.14s | valid ELBO -14664.46 | valid NLL  0.00 | PPL: -14664.46 | true PPL: 14664.46
--------------------------------------------------------------------------------
anneal: 0.000
--------------------------------------------------------------------------------
| end of epoch  20 | time:  0.14s | valid ELBO -14665.07 | valid NLL  0.00 | PPL: -14665.07 | true PPL: 14665.07
--------------------------------------------------------------------------------
anneal: 0.000
--------------------------------------------------------------------------------
| end of epoch  21 | time:  0.14s | valid ELBO -14666.09 | valid NLL  0.00 | PPL: -14666.09 | true PPL: 14666.09
--------------------------------------------------------------------------------
anneal: 0.000
--------------------------------------------------------------------------------
| end of epoch  22 | time:  0.14s | valid ELBO -14666.60 | valid NLL  0.00 | PPL: -14666.60 | true PPL: 14666.60
--------------------------------------------------------------------------------
anneal: 0.000
--------------------------------------------------------------------------------
| end of epoch  23 | time:  0.14s | valid ELBO -14666.49 | valid NLL  0.00 | PPL: -14666.49 | true PPL: 14666.49
--------------------------------------------------------------------------------
anneal: 0.000
--------------------------------------------------------------------------------
| end of epoch  24 | time:  0.14s | valid ELBO -14664.67 | valid NLL  0.00 | PPL: -14664.67 | true PPL: 14664.67
--------------------------------------------------------------------------------
anneal: 0.000
--------------------------------------------------------------------------------
| end of epoch  25 | time:  0.14s | valid ELBO -14665.03 | valid NLL  0.00 | PPL: -14665.03 | true PPL: 14665.03
--------------------------------------------------------------------------------
anneal: 0.000
--------------------------------------------------------------------------------
| end of epoch  26 | time:  0.14s | valid ELBO -14666.46 | valid NLL  0.00 | PPL: -14666.46 | true PPL: 14666.46
--------------------------------------------------------------------------------
anneal: 0.000
--------------------------------------------------------------------------------
| end of epoch  27 | time:  0.14s | valid ELBO -14665.68 | valid NLL  0.00 | PPL: -14665.68 | true PPL: 14665.68
--------------------------------------------------------------------------------
anneal: 0.000
--------------------------------------------------------------------------------
| end of epoch  28 | time:  0.14s | valid ELBO -14664.36 | valid NLL  0.00 | PPL: -14664.36 | true PPL: 14664.36
--------------------------------------------------------------------------------
anneal: 0.000
--------------------------------------------------------------------------------
| end of epoch  29 | time:  0.14s | valid ELBO -14665.12 | valid NLL  0.00 | PPL: -14665.12 | true PPL: 14665.12
--------------------------------------------------------------------------------
anneal: 0.000
--------------------------------------------------------------------------------
| end of epoch  30 | time:  0.14s | valid ELBO -14665.71 | valid NLL  0.00 | PPL: -14665.71 | true PPL: 14665.71
--------------------------------------------------------------------------------
anneal: 0.000
--------------------------------------------------------------------------------
| end of epoch  31 | time:  0.14s | valid ELBO -14664.53 | valid NLL  0.00 | PPL: -14664.53 | true PPL: 14664.53
--------------------------------------------------------------------------------
anneal: 0.000
--------------------------------------------------------------------------------
| end of epoch  32 | time:  0.14s | valid ELBO -14664.96 | valid NLL  0.00 | PPL: -14664.96 | true PPL: 14664.96
--------------------------------------------------------------------------------
anneal: 0.000
--------------------------------------------------------------------------------
| end of epoch  33 | time:  0.14s | valid ELBO -14665.40 | valid NLL  0.00 | PPL: -14665.40 | true PPL: 14665.40
--------------------------------------------------------------------------------
anneal: 0.000
--------------------------------------------------------------------------------
| end of epoch  34 | time:  0.14s | valid ELBO -14664.53 | valid NLL  0.00 | PPL: -14664.53 | true PPL: 14664.53
--------------------------------------------------------------------------------
anneal: 0.000
--------------------------------------------------------------------------------
| end of epoch  35 | time:  0.14s | valid ELBO -14663.93 | valid NLL  0.00 | PPL: -14663.93 | true PPL: 14663.93
--------------------------------------------------------------------------------
anneal: 0.000
--------------------------------------------------------------------------------
| end of epoch  36 | time:  0.14s | valid ELBO -14664.19 | valid NLL  0.00 | PPL: -14664.19 | true PPL: 14664.19
--------------------------------------------------------------------------------
anneal: 0.000
--------------------------------------------------------------------------------
| end of epoch  37 | time:  0.14s | valid ELBO -14665.93 | valid NLL  0.00 | PPL: -14665.93 | true PPL: 14665.93
--------------------------------------------------------------------------------
anneal: 0.000
--------------------------------------------------------------------------------
| end of epoch  38 | time:  0.14s | valid ELBO -14663.93 | valid NLL  0.00 | PPL: -14663.93 | true PPL: 14663.93
--------------------------------------------------------------------------------
anneal: 0.000
--------------------------------------------------------------------------------
| end of epoch  39 | time:  0.14s | valid ELBO -14663.73 | valid NLL  0.00 | PPL: -14663.73 | true PPL: 14663.73
--------------------------------------------------------------------------------
anneal: 0.000
--------------------------------------------------------------------------------
| end of epoch  40 | time:  0.14s | valid ELBO -14664.00 | valid NLL  0.00 | PPL: -14664.00 | true PPL: 14664.00
--------------------------------------------------------------------------------
anneal: 0.000
--------------------------------------------------------------------------------
| end of epoch  41 | time:  0.14s | valid ELBO -14664.87 | valid NLL  0.00 | PPL: -14664.87 | true PPL: 14664.87
--------------------------------------------------------------------------------
anneal: 0.000
--------------------------------------------------------------------------------
| end of epoch  42 | time:  0.19s | valid ELBO -14664.91 | valid NLL  0.00 | PPL: -14664.91 | true PPL: 14664.91
--------------------------------------------------------------------------------
anneal: 0.000
--------------------------------------------------------------------------------
| end of epoch  43 | time:  0.14s | valid ELBO -14664.97 | valid NLL  0.00 | PPL: -14664.97 | true PPL: 14664.97
--------------------------------------------------------------------------------
anneal: 0.000
--------------------------------------------------------------------------------
| end of epoch  44 | time:  0.14s | valid ELBO -14665.68 | valid NLL  0.00 | PPL: -14665.68 | true PPL: 14665.68
--------------------------------------------------------------------------------
anneal: 0.000
--------------------------------------------------------------------------------
| end of epoch  45 | time:  0.14s | valid ELBO -14665.37 | valid NLL  0.00 | PPL: -14665.37 | true PPL: 14665.37
--------------------------------------------------------------------------------
anneal: 0.000
--------------------------------------------------------------------------------
| end of epoch  46 | time:  0.14s | valid ELBO -14664.64 | valid NLL  0.00 | PPL: -14664.64 | true PPL: 14664.64
--------------------------------------------------------------------------------
anneal: 0.000
--------------------------------------------------------------------------------
| end of epoch  47 | time:  0.15s | valid ELBO -14664.78 | valid NLL  0.00 | PPL: -14664.78 | true PPL: 14664.78
--------------------------------------------------------------------------------
anneal: 0.000
--------------------------------------------------------------------------------
| end of epoch  48 | time:  0.14s | valid ELBO -14665.00 | valid NLL  0.00 | PPL: -14665.00 | true PPL: 14665.00
--------------------------------------------------------------------------------
anneal: 0.000
--------------------------------------------------------------------------------
| end of epoch  49 | time:  0.14s | valid ELBO -14664.89 | valid NLL  0.00 | PPL: -14664.89 | true PPL: 14664.89
--------------------------------------------------------------------------------
anneal: 0.000
--------------------------------------------------------------------------------
| end of epoch  50 | time:  0.14s | valid ELBO -14665.48 | valid NLL  0.00 | PPL: -14665.48 | true PPL: 14665.48
--------------------------------------------------------------------------------
