running run_vi_exp.py --dataset data/misspecified/larger_hmm_data.pt --model ablation --train-method sampled_elbo --x-dim 50 --z-dim 50 --word-dim 50 --no-scheduler --epochs 50 --num-importance-samples 10 --filter
sha: af5404ef6e6fbc428d48a9dc4c9a0ea91b813775
('args:', Namespace(base_filename=None, batch_size=80, clip=3.0, cuda=True, dataset='data/misspecified/larger_hmm_data.pt', embedding=None, epochs=50, filter=True, finetune_inference=False, hidden=10, kl_anneal_delay=4, kl_anneal_rate=0.0001, kl_anneal_start=0.0001, load_hmm=None, load_inference=None, load_model=None, load_z_gru=None, log_interval=500, lr=0.01, lstm_sz=200, model='ablation', nhid=32, no_cuda=False, no_scheduler=True, num_importance_samples=10, print_best=False, prof=None, quiet=False, save=None, save_params=None, seed=1111, slurm_id=None, temp=0.3, temp_prior=0.35, train_method='sampled_elbo', word_dim=50, x_dim=50, z_dim=50))
('model total parameters:', 31284)
model architecture:
HMM_Gradients(
  (inp_embedding): Embedding(50, 50)
  (encoder): LSTM(50, 32, bidirectional=True)
  (enc): ModuleList(
    (0): Embedding(50, 50)
    (1): LSTM(50, 32, bidirectional=True)
  )
  (z_decoder): None
  (logits): Sequential(
    (0): Linear(in_features=64, out_features=32, bias=True)
    (1): ReLU()
    (2): Linear(in_features=32, out_features=50, bias=True)
  )
)
ignoring scheduler, lr is fixed
(15854.4453125, 14670.08740234375, -14670.087829589844)
-----------------------------------------------------------------------------------------
ELBO: 15854.45, val_nll: 14670.09, ELBO ppl:   inf, true ppl:   inf
-----------------------------------------------------------------------------------------
anneal: 0.000
--------------------------------------------------------------------------------
| end of epoch   1 | time:  1.31s | valid ELBO 15615.51 | valid NLL 14667.39 | PPL: 15615.51 | true PPL: 14667.39
--------------------------------------------------------------------------------
anneal: 0.000
--------------------------------------------------------------------------------
| end of epoch   2 | time:  1.09s | valid ELBO 15463.45 | valid NLL 14670.29 | PPL: 15463.45 | true PPL: 14670.29
--------------------------------------------------------------------------------
anneal: 0.000
--------------------------------------------------------------------------------
| end of epoch   3 | time:  1.09s | valid ELBO 15323.80 | valid NLL 14666.99 | PPL: 15323.80 | true PPL: 14666.98
--------------------------------------------------------------------------------
anneal: 0.000
--------------------------------------------------------------------------------
| end of epoch   4 | time:  1.09s | valid ELBO 15216.99 | valid NLL 14665.83 | PPL: 15216.99 | true PPL: 14665.82
--------------------------------------------------------------------------------
anneal: 0.000
--------------------------------------------------------------------------------
| end of epoch   5 | time:  1.09s | valid ELBO 15134.05 | valid NLL 14664.59 | PPL: 15134.05 | true PPL: 14664.58
--------------------------------------------------------------------------------
anneal: 0.000
--------------------------------------------------------------------------------
| end of epoch   6 | time:  1.10s | valid ELBO 15071.00 | valid NLL 14667.95 | PPL: 15071.00 | true PPL: 14667.93
--------------------------------------------------------------------------------
anneal: 0.000
--------------------------------------------------------------------------------
| end of epoch   7 | time:  1.10s | valid ELBO 15010.35 | valid NLL 14664.17 | PPL: 15010.35 | true PPL: 14664.15
--------------------------------------------------------------------------------
anneal: 0.000
--------------------------------------------------------------------------------
| end of epoch   8 | time:  1.10s | valid ELBO 14963.78 | valid NLL 14663.18 | PPL: 14963.78 | true PPL: 14663.16
--------------------------------------------------------------------------------
anneal: 0.000
--------------------------------------------------------------------------------
| end of epoch   9 | time:  1.09s | valid ELBO 14925.66 | valid NLL 14665.37 | PPL: 14925.66 | true PPL: 14665.35
--------------------------------------------------------------------------------
anneal: 0.000
--------------------------------------------------------------------------------
| end of epoch  10 | time:  1.09s | valid ELBO 14891.51 | valid NLL 14666.54 | PPL: 14891.51 | true PPL: 14666.50
--------------------------------------------------------------------------------
anneal: 0.000
--------------------------------------------------------------------------------
| end of epoch  11 | time:  1.10s | valid ELBO 14864.48 | valid NLL 14663.21 | PPL: 14864.48 | true PPL: 14663.18
--------------------------------------------------------------------------------
anneal: 0.000
--------------------------------------------------------------------------------
| end of epoch  12 | time:  1.12s | valid ELBO 14842.65 | valid NLL 14663.12 | PPL: 14842.65 | true PPL: 14663.08
--------------------------------------------------------------------------------
anneal: 0.000
--------------------------------------------------------------------------------
| end of epoch  13 | time:  1.11s | valid ELBO 14825.78 | valid NLL 14665.07 | PPL: 14825.78 | true PPL: 14665.04
--------------------------------------------------------------------------------
anneal: 0.000
--------------------------------------------------------------------------------
| end of epoch  14 | time:  1.10s | valid ELBO 14807.53 | valid NLL 14663.54 | PPL: 14807.53 | true PPL: 14663.50
--------------------------------------------------------------------------------
anneal: 0.000
--------------------------------------------------------------------------------
| end of epoch  15 | time:  1.10s | valid ELBO 14793.06 | valid NLL 14664.81 | PPL: 14793.06 | true PPL: 14664.76
--------------------------------------------------------------------------------
anneal: 0.000
--------------------------------------------------------------------------------
| end of epoch  16 | time:  1.10s | valid ELBO 14783.58 | valid NLL 14669.06 | PPL: 14783.58 | true PPL: 14669.02
--------------------------------------------------------------------------------
anneal: 0.000
--------------------------------------------------------------------------------
| end of epoch  17 | time:  1.10s | valid ELBO 14767.05 | valid NLL 14664.03 | PPL: 14767.05 | true PPL: 14663.98
--------------------------------------------------------------------------------
anneal: 0.000
--------------------------------------------------------------------------------
| end of epoch  18 | time:  1.09s | valid ELBO 14756.67 | valid NLL 14664.38 | PPL: 14756.67 | true PPL: 14664.33
--------------------------------------------------------------------------------
anneal: 0.000
--------------------------------------------------------------------------------
| end of epoch  19 | time:  1.09s | valid ELBO 14748.16 | valid NLL 14666.25 | PPL: 14748.16 | true PPL: 14666.20
--------------------------------------------------------------------------------
anneal: 0.000
--------------------------------------------------------------------------------
| end of epoch  20 | time:  1.09s | valid ELBO 14737.96 | valid NLL 14664.53 | PPL: 14737.96 | true PPL: 14664.47
--------------------------------------------------------------------------------
anneal: 0.000
--------------------------------------------------------------------------------
| end of epoch  21 | time:  1.09s | valid ELBO 14731.31 | valid NLL 14664.43 | PPL: 14731.31 | true PPL: 14664.37
--------------------------------------------------------------------------------
anneal: 0.000
--------------------------------------------------------------------------------
| end of epoch  22 | time:  1.10s | valid ELBO 14725.80 | valid NLL 14664.74 | PPL: 14725.80 | true PPL: 14664.67
--------------------------------------------------------------------------------
anneal: 0.000
--------------------------------------------------------------------------------
| end of epoch  23 | time:  1.09s | valid ELBO 14722.35 | valid NLL 14666.93 | PPL: 14722.35 | true PPL: 14666.86
--------------------------------------------------------------------------------
anneal: 0.000
--------------------------------------------------------------------------------
| end of epoch  24 | time:  1.09s | valid ELBO 14718.43 | valid NLL 14667.48 | PPL: 14718.43 | true PPL: 14667.40
--------------------------------------------------------------------------------
anneal: 0.000
--------------------------------------------------------------------------------
| end of epoch  25 | time:  1.10s | valid ELBO 14712.07 | valid NLL 14665.52 | PPL: 14712.07 | true PPL: 14665.44
--------------------------------------------------------------------------------
anneal: 0.000
--------------------------------------------------------------------------------
| end of epoch  26 | time:  1.09s | valid ELBO 14708.34 | valid NLL 14665.49 | PPL: 14708.34 | true PPL: 14665.40
--------------------------------------------------------------------------------
anneal: 0.000
--------------------------------------------------------------------------------
| end of epoch  27 | time:  1.10s | valid ELBO 14703.47 | valid NLL 14663.80 | PPL: 14703.47 | true PPL: 14663.70
--------------------------------------------------------------------------------
anneal: 0.000
--------------------------------------------------------------------------------
| end of epoch  28 | time:  1.09s | valid ELBO 14699.17 | valid NLL 14663.77 | PPL: 14699.17 | true PPL: 14663.67
--------------------------------------------------------------------------------
anneal: 0.000
--------------------------------------------------------------------------------
| end of epoch  29 | time:  1.09s | valid ELBO 14697.19 | valid NLL 14665.13 | PPL: 14697.19 | true PPL: 14665.02
--------------------------------------------------------------------------------
anneal: 0.000
--------------------------------------------------------------------------------
| end of epoch  30 | time:  1.10s | valid ELBO 14692.89 | valid NLL 14663.67 | PPL: 14692.89 | true PPL: 14663.55
--------------------------------------------------------------------------------
anneal: 0.000
--------------------------------------------------------------------------------
| end of epoch  31 | time:  1.10s | valid ELBO 14691.26 | valid NLL 14663.58 | PPL: 14691.26 | true PPL: 14663.45
--------------------------------------------------------------------------------
anneal: 0.000
--------------------------------------------------------------------------------
| end of epoch  32 | time:  1.10s | valid ELBO 14690.51 | valid NLL 14664.93 | PPL: 14690.51 | true PPL: 14664.79
--------------------------------------------------------------------------------
anneal: 0.000
--------------------------------------------------------------------------------
| end of epoch  33 | time:  1.09s | valid ELBO 14690.04 | valid NLL 14666.35 | PPL: 14690.04 | true PPL: 14666.21
--------------------------------------------------------------------------------
anneal: 0.000
--------------------------------------------------------------------------------
| end of epoch  34 | time:  1.10s | valid ELBO 14686.57 | valid NLL 14664.78 | PPL: 14686.57 | true PPL: 14664.62
--------------------------------------------------------------------------------
anneal: 0.000
--------------------------------------------------------------------------------
| end of epoch  35 | time:  1.10s | valid ELBO 14686.22 | valid NLL 14664.82 | PPL: 14686.22 | true PPL: 14664.64
--------------------------------------------------------------------------------
anneal: 0.000
--------------------------------------------------------------------------------
| end of epoch  36 | time:  1.10s | valid ELBO 14684.59 | valid NLL 14665.14 | PPL: 14684.59 | true PPL: 14664.95
--------------------------------------------------------------------------------
anneal: 0.000
--------------------------------------------------------------------------------
| end of epoch  37 | time:  1.10s | valid ELBO 14683.33 | valid NLL 14665.19 | PPL: 14683.33 | true PPL: 14665.00
--------------------------------------------------------------------------------
anneal: 0.000
--------------------------------------------------------------------------------
| end of epoch  38 | time:  1.10s | valid ELBO 14681.98 | valid NLL 14664.59 | PPL: 14681.98 | true PPL: 14664.39
--------------------------------------------------------------------------------
anneal: 0.000
--------------------------------------------------------------------------------
| end of epoch  39 | time:  1.10s | valid ELBO 14681.57 | valid NLL 14664.84 | PPL: 14681.57 | true PPL: 14664.64
--------------------------------------------------------------------------------
anneal: 0.000
--------------------------------------------------------------------------------
| end of epoch  40 | time:  1.10s | valid ELBO 14679.37 | valid NLL 14664.28 | PPL: 14679.37 | true PPL: 14664.07
--------------------------------------------------------------------------------
anneal: 0.000
--------------------------------------------------------------------------------
| end of epoch  41 | time:  1.09s | valid ELBO 14679.63 | valid NLL 14665.50 | PPL: 14679.63 | true PPL: 14665.28
--------------------------------------------------------------------------------
anneal: 0.000
--------------------------------------------------------------------------------
| end of epoch  42 | time:  1.10s | valid ELBO 14680.81 | valid NLL 14666.77 | PPL: 14680.81 | true PPL: 14666.54
--------------------------------------------------------------------------------
anneal: 0.000
--------------------------------------------------------------------------------
| end of epoch  43 | time:  1.10s | valid ELBO 14678.73 | valid NLL 14665.63 | PPL: 14678.73 | true PPL: 14665.38
--------------------------------------------------------------------------------
anneal: 0.000
--------------------------------------------------------------------------------
| end of epoch  44 | time:  1.10s | valid ELBO 14677.65 | valid NLL 14665.31 | PPL: 14677.65 | true PPL: 14665.06
--------------------------------------------------------------------------------
anneal: 0.000
--------------------------------------------------------------------------------
| end of epoch  45 | time:  1.09s | valid ELBO 14677.00 | valid NLL 14664.39 | PPL: 14677.00 | true PPL: 14664.13
--------------------------------------------------------------------------------
anneal: 0.000
--------------------------------------------------------------------------------
| end of epoch  46 | time:  1.10s | valid ELBO 14676.78 | valid NLL 14665.43 | PPL: 14676.78 | true PPL: 14665.16
--------------------------------------------------------------------------------
anneal: 0.000
--------------------------------------------------------------------------------
| end of epoch  47 | time:  1.10s | valid ELBO 14676.69 | valid NLL 14666.12 | PPL: 14676.69 | true PPL: 14665.84
--------------------------------------------------------------------------------
anneal: 0.000
--------------------------------------------------------------------------------
| end of epoch  48 | time:  1.09s | valid ELBO 14674.86 | valid NLL 14664.42 | PPL: 14674.86 | true PPL: 14664.12
--------------------------------------------------------------------------------
anneal: 0.000
--------------------------------------------------------------------------------
| end of epoch  49 | time:  1.09s | valid ELBO 14675.27 | valid NLL 14664.69 | PPL: 14675.27 | true PPL: 14664.38
--------------------------------------------------------------------------------
anneal: 0.000
--------------------------------------------------------------------------------
| end of epoch  50 | time:  1.09s | valid ELBO 14673.96 | valid NLL 14664.46 | PPL: 14673.96 | true PPL: 14664.13
--------------------------------------------------------------------------------
